<html>
<body>
<pre>
<h1>Vision Build Log</h1>
<h2>Tool Versions:</h2>
IDE-Version: μVision V5.24.2.0
Copyright (C) 2017 ARM Ltd and ARM Germany GmbH. All rights reserved.
License Information: .. Administrator, .., LIC=1WSEV-PNVX5-NS4YQ-N4D9G-51IVM-BJP9J
 
Tool Versions:
Toolchain:       MDK-ARM Professional  Version: 5.24.1
Toolchain Path:  C:\Keil_v5\ARM\ARMCC\Bin
C Compiler:      Armcc.exe V5.06 update 5 (build 528)
Assembler:       Armasm.exe V5.06 update 5 (build 528)
Linker/Locator:  ArmLink.exe V5.06 update 5 (build 528)
Library Manager: ArmAr.exe V5.06 update 5 (build 528)
Hex Converter:   FromElf.exe V5.06 update 5 (build 528)
CPU DLL:         SARMCM3.DLL V5.24.1
Dialog DLL:      DCM.DLL V1.16.0.0
Target DLL:      STLink\ST-LINKIII-KEIL_SWO.dll V3.0.1.0
Dialog DLL:      TCM.DLL V1.32.0.0
 
<h2>Project:</h2>
E:\company\SR\keil\SR1_RG - 增加MODBUS-RTU\MDK\SR1CODE.uvprojx
Project File Date:  08/28/2019

<h2>Output:</h2>
*** Using Compiler 'V5.06 update 5 (build 528)', folder: 'C:\Keil_v5\ARM\ARMCC\Bin'
Rebuild target 'SR1CODE'
compiling stm32f10x_adc.c...
compiling misc.c...
compiling stm32f10x_can.c...
compiling stm32f10x_bkp.c...
compiling stm32f10x_cec.c...
compiling stm32f10x_crc.c...
compiling stm32f10x_dac.c...
compiling stm32f10x_dbgmcu.c...
compiling stm32f10x_exti.c...
compiling stm32f10x_dma.c...
compiling stm32f10x_flash.c...
compiling stm32f10x_fsmc.c...
compiling stm32f10x_gpio.c...
compiling stm32f10x_i2c.c...
compiling stm32f10x_iwdg.c...
compiling stm32f10x_pwr.c...
compiling stm32f10x_rtc.c...
compiling stm32f10x_rcc.c...
compiling stm32f10x_sdio.c...
compiling stm32f10x_spi.c...
compiling stm32f10x_usart.c...
compiling stm32f10x_tim.c...
compiling system_stm32f10x.c...
compiling stm32f10x_wwdg.c...
compiling main.c...
..\USER\main.c(10): warning:  #177-D: variable "temp_num"  was declared but never referenced
  	uint8_t temp_num;		//临时SRx选择变量
..\USER\main.c(11): warning:  #177-D: variable "temp"  was declared but never referenced
  	uint8_t temp[200];	//临时数据缓存
..\USER\main.c(12): warning:  #177-D: variable "temp_len"  was declared but never referenced
  	uint8_t temp_len;		//临时数据长度
..\USER\main.c: 3 warnings, 0 errors
assembling startup_stm32f10x_hd.s...
compiling core_cm3.c...
compiling stm32f10x_it.c...
compiling can1_app.c...
compiling mrv01_app.c...
compiling SysTick.c...
compiling rs232_usart3_app.c...
compiling mb.c...
..\Driver\FreeModbus\mb.c(229): warning:  #223-D: function "_set_PRIMASK" declared implicitly
          
NTER_CRITICAL_SECTION(  );
..\Driver\FreeModbus\mb.c(397): warning:  #187-D: use of "=" where "==" may have been intended
                  if(eStatus = MB_ENOERR){
..\Driver\FreeModbus\mb.c: 2 warnings, 0 errors
compiling mbcrc.c...
compiling mbfunccoils.c...
compiling mbfuncdiag.c...
compiling mbrtu.c...
..\Driver\FreeModbus\rtu\mbrtu.c(86): warning:  #223-D: function "_set_PRIMASK" declared implicitly
      
NTER_CRITICAL_SECTION(  );
..\Driver\FreeModbus\rtu\mbrtu.c(127): warning:  #223-D: function "_set_PRIMASK" declared implicitly
      
NTER_CRITICAL_SECTION(  );
..\Driver\FreeModbus\rtu\mbrtu.c(143): warning:  #223-D: function "_set_PRIMASK" declared implicitly
      
NTER_CRITICAL_SECTION(  );
..\Driver\FreeModbus\rtu\mbrtu.c(155): warning:  #223-D: function "_set_PRIMASK" declared implicitly
      
NTER_CRITICAL_SECTION(  );
..\Driver\FreeModbus\rtu\mbrtu.c(152): warning:  #550-D: variable "xFrameReceived"  was set but never used
      BOOL            xFrameReceived = FALSE;
..\Driver\FreeModbus\rtu\mbrtu.c(191): warning:  #223-D: function "_set_PRIMASK" declared implicitly
      
NTER_CRITICAL_SECTION(  );
..\Driver\FreeModbus\rtu\mbrtu.c: 6 warnings, 0 errors
compiling mbfuncdisc.c...
compiling mbfuncholding.c...
compiling mbfuncinput.c...
compiling mbfuncother.c...
compiling mbutils.c...
compiling portevent.c...
compiling mbascii.c...
..\Driver\FreeModbus\ascii\mbascii.c(112): warning:  #223-D: function "_set_PRIMASK" declared implicitly
      
NTER_CRITICAL_SECTION(  );
..\Driver\FreeModbus\ascii\mbascii.c(132): warning:  #223-D: function "_set_PRIMASK" declared implicitly
      
NTER_CRITICAL_SECTION(  );
..\Driver\FreeModbus\ascii\mbascii.c(144): warning:  #223-D: function "_set_PRIMASK" declared implicitly
      
NTER_CRITICAL_SECTION(  );
..\Driver\FreeModbus\ascii\mbascii.c(155): warning:  #223-D: function "_set_PRIMASK" declared implicitly
      
NTER_CRITICAL_SECTION(  );
..\Driver\FreeModbus\ascii\mbascii.c(189): warning:  #223-D: function "_set_PRIMASK" declared implicitly
      
NTER_CRITICAL_SECTION(  );
..\Driver\FreeModbus\ascii\mbascii.c: 5 warnings, 0 errors
compiling mbtcp.c...
compiling portserial.c...
compiling porttimer.c...
..\Driver\FreeModbus\port\porttimer.c(62): error:  #77-D: this declaration has no storage class or type specifier
  inline void vMBPortTimersEnable(  )
..\Driver\FreeModbus\port\porttimer.c(62): error:  #65: expected a ";"
  inline void vMBPortTimersEnable(  )
..\Driver\FreeModbus\port\porttimer.c(99): warning: At end of source:  #12-D: parsing restarts here after previous syntax error
..\Driver\FreeModbus\port\porttimer.c(31): warning:  #177-D: function "prvvTIMERExpiredISR"  was declared but never referenced
  static void prvvTIMERExpiredISR( void );
..\Driver\FreeModbus\port\porttimer.c: 2 warnings, 2 errors
compiling user_mb_app.c...
..\Driver\FreeModbus\user_mb_app.c(79): warning:  #186-D: pointless comparison of unsigned integer with zero
      if( ( usAddress >= 
EG_INPUT_START )
..\Driver\FreeModbus\user_mb_app.c(108): warning:  #186-D: pointless comparison of unsigned integer with zero
      if((usAddress >= 
EG_HOLD_START) && (usAddress + usNRegs <= REG_HOLD_START + REG_HOLD_NREGS)){
..\Driver\FreeModbus\user_mb_app.c(105): warning:  #550-D: variable "eStatus"  was set but never used
      eMBErrorCode  eStatus = MB_ENOERR;
..\Driver\FreeModbus\user_mb_app.c(54): warning:  #177-D: function "_mb_Fresh_Input_Reg"  was declared but never referenced
  static void _mb_Fresh_Input_Reg(void){
..\Driver\FreeModbus\user_mb_app.c: 4 warnings, 0 errors
".\Objects\SR1CODE.axf" - 2 Error(s), 22 Warning(s).

<h2>Software Packages used:</h2>

Package Vendor: Keil
                http://www.keil.com/pack/Keil.STM32F1xx_DFP.1.0.5.pack
                Keil.STM32F1xx_DFP.1.0.5
                STMicroelectronics STM32F1 Series Device Support, Drivers and Examples

<h2>Collection of Component include folders:</h2>
  .\RTE\_SR1CODE
  C:\Keil_v5\ARM\PACK\Keil\STM32F1xx_DFP\1.0.5\Device\Include

<h2>Collection of Component Files used:</h2>
Target not created.
Build Time Elapsed:  00:00:06
</pre>
</body>
</html>
